time=2026-04-22T15:04:04.250+03:00 level=WARN msg="generated random LiveKit API key — voice tokens will break on restart; set voice.livekit_api_key in config.yaml for stable operation"
time=2026-04-22T15:04:04.262+03:00 level=WARN msg="generated random LiveKit API secret — set voice.livekit_api_secret in config.yaml for stable operation"
time=2026-04-22T15:04:04.269+03:00 level=INFO msg="reset all user statuses to offline"
time=2026-04-22T15:04:04.271+03:00 level=INFO msg="cleared stale voice states"
time=2026-04-22T15:04:10.811+03:00 level=INFO msg="livekit: client initialized" url=ws://localhost:7880 http_url=http://localhost:7880
time=2026-04-22T15:04:10.823+03:00 level=WARN msg="AllowedOrigins contains wildcard '*' — consider restricting to specific origins for production use"
time=2026-04-22T15:04:10.824+03:00 level=INFO msg="server starting" addr=:8443 tls=true version=dev
time=2026-04-22T15:04:10.825+03:00 level=WARN msg="port in use, retrying..." attempt=1 error="listen tcp :8443: bind: Only one usage of each socket address (protocol/network address/port) is normally permitted."
time=2026-04-22T15:04:11.325+03:00 level=WARN msg="port in use, retrying..." attempt=2 error="listen tcp :8443: bind: Only one usage of each socket address (protocol/network address/port) is normally permitted."
time=2026-04-22T15:04:11.827+03:00 level=WARN msg="port in use, retrying..." attempt=3 error="listen tcp :8443: bind: Only one usage of each socket address (protocol/network address/port) is normally permitted."
time=2026-04-22T15:04:12.336+03:00 level=WARN msg="port in use, retrying..." attempt=4 error="listen tcp :8443: bind: Only one usage of each socket address (protocol/network address/port) is normally permitted."
time=2026-04-22T15:04:12.844+03:00 level=WARN msg="port in use, retrying..." attempt=5 error="listen tcp :8443: bind: Only one usage of each socket address (protocol/network address/port) is normally permitted."
time=2026-04-22T15:04:13.344+03:00 level=WARN msg="port in use, retrying..." attempt=6 error="listen tcp :8443: bind: Only one usage of each socket address (protocol/network address/port) is normally permitted."
time=2026-04-22T15:04:13.854+03:00 level=WARN msg="port in use, retrying..." attempt=7 error="listen tcp :8443: bind: Only one usage of each socket address (protocol/network address/port) is normally permitted."
time=2026-04-22T15:04:14.362+03:00 level=WARN msg="port in use, retrying..." attempt=8 error="listen tcp :8443: bind: Only one usage of each socket address (protocol/network address/port) is normally permitted."
time=2026-04-22T15:04:14.863+03:00 level=WARN msg="port in use, retrying..." attempt=9 error="listen tcp :8443: bind: Only one usage of each socket address (protocol/network address/port) is normally permitted."
time=2026-04-22T15:04:15.363+03:00 level=WARN msg="port in use, retrying..." attempt=10 error="listen tcp :8443: bind: Only one usage of each socket address (protocol/network address/port) is normally permitted."
time=2026-04-22T15:04:15.865+03:00 level=WARN msg="port in use, retrying..." attempt=11 error="listen tcp :8443: bind: Only one usage of each socket address (protocol/network address/port) is normally permitted."
time=2026-04-22T15:04:16.365+03:00 level=WARN msg="port in use, retrying..." attempt=12 error="listen tcp :8443: bind: Only one usage of each socket address (protocol/network address/port) is normally permitted."
time=2026-04-22T15:04:16.866+03:00 level=WARN msg="port in use, retrying..." attempt=13 error="listen tcp :8443: bind: Only one usage of each socket address (protocol/network address/port) is normally permitted."
time=2026-04-22T15:04:17.374+03:00 level=WARN msg="port in use, retrying..." attempt=14 error="listen tcp :8443: bind: Only one usage of each socket address (protocol/network address/port) is normally permitted."
time=2026-04-22T15:04:17.875+03:00 level=WARN msg="port in use, retrying..." attempt=15 error="listen tcp :8443: bind: Only one usage of each socket address (protocol/network address/port) is normally permitted."
time=2026-04-22T15:04:18.384+03:00 level=WARN msg="port in use, retrying..." attempt=16 error="listen tcp :8443: bind: Only one usage of each socket address (protocol/network address/port) is normally permitted."
time=2026-04-22T15:04:18.893+03:00 level=WARN msg="port in use, retrying..." attempt=17 error="listen tcp :8443: bind: Only one usage of each socket address (protocol/network address/port) is normally permitted."
time=2026-04-22T15:04:19.395+03:00 level=WARN msg="port in use, retrying..." attempt=18 error="listen tcp :8443: bind: Only one usage of each socket address (protocol/network address/port) is normally permitted."
time=2026-04-22T15:04:19.904+03:00 level=WARN msg="port in use, retrying..." attempt=19 error="listen tcp :8443: bind: Only one usage of each socket address (protocol/network address/port) is normally permitted."
time=2026-04-22T15:04:20.423+03:00 level=ERROR msg="server exited with error" error="server error: listen tcp :8443: bind: Only one usage of each socket address (protocol/network address/port) is normally permitted."
